<?xml version="1.0" encoding="UTF-8" ?>
<testsuites>
<testsuite name="Frisby Test: Get Caregivers" errors="0" tests="1" failures="0" time="0.264" timestamp="2015-08-05T22:01:47">
  <testcase classname="Frisby Test: Get Caregivers" name="
	[ GET http://45.55.229.227:9090/caregivers ]" time="0.263"></testcase>
</testsuite>
</testsuites>