<?xml version="1.0" encoding="UTF-8" ?>
<testsuites>
<testsuite name="Frisby Test: API: List config" errors="0" tests="1" failures="0" time="0.225" timestamp="2015-08-05T22:01:48">
  <testcase classname="Frisby Test: API: List config" name="
	[ GET http://45.55.229.227:9090/alps ]" time="0.225"></testcase>
</testsuite>
</testsuites>